<?xml version="1.0"?>
<testsuites>
  <testsuite name="Chrome 64.0.3282 (Linux 0.0.0)" package="" timestamp="2018-07-17T12:14:41" id="0" hostname="marcelo" tests="0" errors="1" failures="0" time="0">
    <properties>
      <property name="browser.fullName" value="Mozilla/5.0 (X11; Linux x86_64) AppleWebKit/537.36 (KHTML, like Gecko) Chrome/64.0.3282.119 Safari/537.36"/>
    </properties>
    <system-out><![CDATA[
]]></system-out>
    <system-err/>
  </testsuite>
  <testsuite name="HeadlessChrome 64.0.3282 (Linux 0.0.0)" package="" timestamp="2018-07-17T12:14:41" id="0" hostname="marcelo" tests="0" errors="1" failures="0" time="0">
    <properties>
      <property name="browser.fullName" value="Mozilla/5.0 (X11; Linux x86_64) AppleWebKit/537.36 (KHTML, like Gecko) HeadlessChrome/64.0.3282.119 Safari/537.36"/>
    </properties>
    <system-out><![CDATA[
]]></system-out>
    <system-err/>
  </testsuite>
</testsuites>
